生成启动时间为 2017/6/30 星期五 10:40:48。
     1>项目“E:\vs_practice\plant_fight_zombie\plant_fight_zombie\plant_fight_zombie.vcxproj”在节点 2 上(Build 个目标)。
     1>ClCompile:
         D:\vs2013\VC\bin\CL.exe /c /ZI /nologo /W3 /WX- /sdl /Od /Oy- /D WIN32 /D _DEBUG /D _WINDOWS /D _UNICODE /D UNICODE /Gm /EHsc /RTC1 /MDd /GS /fp:precise /Zc:wchar_t /Zc:forScope /Yu"stdafx.h" /Fp"Debug\plant_fight_zombie.pch" /Fo"Debug\\" /Fd"Debug\vc120.pdb" /Gd /TP /analyze- /errorReport:prompt plant_fight_zombie.cpp
         plant_fight_zombie.cpp
       Link:
         D:\vs2013\VC\bin\link.exe /ERRORREPORT:PROMPT /OUT:"E:\vs_practice\plant_fight_zombie\Debug\plant_fight_zombie.exe" /INCREMENTAL /NOLOGO kernel32.lib user32.lib gdi32.lib winspool.lib comdlg32.lib advapi32.lib shell32.lib ole32.lib oleaut32.lib uuid.lib odbc32.lib odbccp32.lib /MANIFEST /MANIFESTUAC:"level='asInvoker' uiAccess='false'" /manifest:embed /DEBUG /PDB:"E:\vs_practice\plant_fight_zombie\Debug\plant_fight_zombie.pdb" /SUBSYSTEM:WINDOWS /TLBID:1 /DYNAMICBASE /NXCOMPAT /IMPLIB:"E:\vs_practice\plant_fight_zombie\Debug\plant_fight_zombie.lib" /MACHINE:X86 Debug\plant_fight_zombie.res
         Debug\Bullet.obj
         Debug\tinystr.obj
         Debug\tinyxml.obj
         Debug\tinyxmlerror.obj
         Debug\tinyxmlparser.obj
         Debug\CMyTimer.obj
         Debug\Controller.obj
         Debug\Context.obj
         Debug\Data.obj
         Debug\Plant.obj
         Debug\plant_fight_zombie.obj
         Debug\stdafx.obj
         Debug\Sun.obj
         Debug\Zombie.obj
         plant_fight_zombie.vcxproj -> E:\vs_practice\plant_fight_zombie\Debug\plant_fight_zombie.exe
     1>已完成生成项目“E:\vs_practice\plant_fight_zombie\plant_fight_zombie\plant_fight_zombie.vcxproj”(Build 个目标)的操作。

生成成功。

已用时间 00:00:01.14
